android/app/build/intermediates/manifest_merge_blame_file/release/processReleaseMainManifest/manifest-merger-blame-release-report.txt
1<?xml version="1.0" encoding="utf-8"?>
2<manifest xmlns:android="http://schemas.android.com/apk/res/android"
3    package="com.greenurbangrow"
4    android:versionCode="1"
5    android:versionName="1.0.0" >
6
7    <uses-sdk
8        android:minSdkVersion="21"
9        android:targetSdkVersion="34" />
10
11    <application
11-->src/main/AndroidManifest.xml:4:5-17:19
12        android:allowBackup="true"
12-->src/main/AndroidManifest.xml:7:9-35
13        android:extractNativeLibs="true"
14        android:icon="@mipmap/ic_launcher"
14-->src/main/AndroidManifest.xml:6:9-43
15        android:label="Green Urban Grow"
15-->src/main/AndroidManifest.xml:5:9-41
16        android:supportsRtl="true"
16-->src/main/AndroidManifest.xml:8:9-35
17        android:theme="@android:style/Theme.DeviceDefault.Light" >
17-->src/main/AndroidManifest.xml:9:9-65
18        <activity
18-->src/main/AndroidManifest.xml:10:9-16:20
19            android:name="com.greenurbangrow.MainActivity"
19-->src/main/AndroidManifest.xml:10:19-47
20            android:exported="true" >
20-->src/main/AndroidManifest.xml:11:13-36
21            <intent-filter>
21-->src/main/AndroidManifest.xml:12:13-15:29
22                <action android:name="android.intent.action.MAIN" />
22-->src/main/AndroidManifest.xml:13:17-68
22-->src/main/AndroidManifest.xml:13:25-66
23
24                <category android:name="android.intent.category.LAUNCHER" />
24-->src/main/AndroidManifest.xml:14:17-76
24-->src/main/AndroidManifest.xml:14:27-74
25            </intent-filter>
26        </activity>
27    </application>
28
29</manifest>